
*** Running vivado
    with args -log top.vds -m64 -product Vivado -mode batch -messageDb vivado.pb -notrace -source top.tcl


ECHO is off.
ECHO is off.

****** Vivado v2023.2 (64-bit)
  **** SW Build 4029153 on Fri Oct 13 20:14:34 MDT 2023
  **** IP Build 4028589 on Sat Oct 14 00:45:43 MDT 2023
  **** SharedData Build 4025554 on Tue Oct 10 17:18:54 MDT 2023
    ** Copyright 1986-2022 Xilinx, Inc. All Rights Reserved.
    ** Copyright 2022-2023 Advanced Micro Devices, Inc. All Rights Reserved.

source top.tcl -notrace
create_project: Time (s): cpu = 00:00:19 ; elapsed = 00:00:21 . Memory (MB): peak = 471.496 ; gain = 183.336
Command: read_checkpoint -auto_incremental -incremental C:/Users/adamk/460m_lab4/460m_lab4.srcs/utils_1/imports/synth_1/top.dcp
INFO: [Vivado 12-5825] Read reference checkpoint from C:/Users/adamk/460m_lab4/460m_lab4.srcs/utils_1/imports/synth_1/top.dcp for incremental synthesis
INFO: [Vivado 12-7989] Please ensure there are no constraint changes
Command: synth_design -top top -part xc7a35ticpg236-1L
Starting synth_design
Attempting to get a license for feature 'Synthesis' and/or device 'xc7a35ti'
INFO: [Common 17-349] Got license for feature 'Synthesis' and/or device 'xc7a35ti'
INFO: [Device 21-403] Loading part xc7a35ticpg236-1L
INFO: [Designutils 20-5440] No compile time benefit to using incremental synthesis; A full resynthesis will be run
INFO: [Designutils 20-4379] Flow is switching to default flow due to incremental criteria not met. If you would like to alter this behaviour and have the flow terminate instead, please set the following parameter config_implementation {autoIncr.Synth.RejectBehavior Terminate}
INFO: [Synth 8-7079] Multithreading enabled for synth_design using a maximum of 2 processes.
INFO: [Synth 8-7078] Launching helper process for spawning children vivado processes
INFO: [Synth 8-7075] Helper process launched with PID 456
---------------------------------------------------------------------------------
Starting RTL Elaboration : Time (s): cpu = 00:00:12 ; elapsed = 00:00:13 . Memory (MB): peak = 1308.336 ; gain = 439.434
---------------------------------------------------------------------------------
INFO: [Synth 8-6157] synthesizing module 'top' [C:/Users/adamk/460m_lab4/460m_lab4.srcs/sources_1/new/top.v:3]
INFO: [Synth 8-6157] synthesizing module 'debouncer' [C:/Users/adamk/460m_lab4/460m_lab4.srcs/sources_1/new/debouncer.v:3]
INFO: [Synth 8-6155] done synthesizing module 'debouncer' (0#1) [C:/Users/adamk/460m_lab4/460m_lab4.srcs/sources_1/new/debouncer.v:3]
INFO: [Synth 8-6157] synthesizing module 'fsm_clk_div' [C:/Users/adamk/460m_lab4/460m_lab4.srcs/sources_1/new/fsm_clk_div.v:3]
INFO: [Synth 8-6155] done synthesizing module 'fsm_clk_div' (0#1) [C:/Users/adamk/460m_lab4/460m_lab4.srcs/sources_1/new/fsm_clk_div.v:3]
INFO: [Synth 8-6157] synthesizing module 'clk_div_half_period' [C:/Users/adamk/460m_lab4/460m_lab4.srcs/sources_1/new/clk_div_half_period.v:4]
INFO: [Synth 8-6155] done synthesizing module 'clk_div_half_period' (0#1) [C:/Users/adamk/460m_lab4/460m_lab4.srcs/sources_1/new/clk_div_half_period.v:4]
INFO: [Synth 8-6157] synthesizing module 'logic_handler' [C:/Users/adamk/460m_lab4/460m_lab4.srcs/sources_1/new/logic_handler.v:3]
INFO: [Synth 8-6157] synthesizing module 'hexto7segment' [C:/Users/adamk/460m_lab4/460m_lab4.srcs/sources_1/new/hexto7segment.v:3]
INFO: [Synth 8-6155] done synthesizing module 'hexto7segment' (0#1) [C:/Users/adamk/460m_lab4/460m_lab4.srcs/sources_1/new/hexto7segment.v:3]
INFO: [Synth 8-6155] done synthesizing module 'logic_handler' (0#1) [C:/Users/adamk/460m_lab4/460m_lab4.srcs/sources_1/new/logic_handler.v:3]
INFO: [Synth 8-6157] synthesizing module 'time_mux_state_machine' [C:/Users/adamk/460m_lab4/460m_lab4.srcs/sources_1/new/time_mux_state_machine.v:3]
INFO: [Synth 8-6155] done synthesizing module 'time_mux_state_machine' (0#1) [C:/Users/adamk/460m_lab4/460m_lab4.srcs/sources_1/new/time_mux_state_machine.v:3]
INFO: [Synth 8-6155] done synthesizing module 'top' (0#1) [C:/Users/adamk/460m_lab4/460m_lab4.srcs/sources_1/new/top.v:3]
---------------------------------------------------------------------------------
Finished RTL Elaboration : Time (s): cpu = 00:00:15 ; elapsed = 00:00:16 . Memory (MB): peak = 1417.176 ; gain = 548.273
---------------------------------------------------------------------------------
---------------------------------------------------------------------------------
Start Handling Custom Attributes
---------------------------------------------------------------------------------
---------------------------------------------------------------------------------
Finished Handling Custom Attributes : Time (s): cpu = 00:00:15 ; elapsed = 00:00:17 . Memory (MB): peak = 1417.176 ; gain = 548.273
---------------------------------------------------------------------------------
---------------------------------------------------------------------------------
Finished RTL Optimization Phase 1 : Time (s): cpu = 00:00:15 ; elapsed = 00:00:17 . Memory (MB): peak = 1417.176 ; gain = 548.273
---------------------------------------------------------------------------------
Netlist sorting complete. Time (s): cpu = 00:00:00 ; elapsed = 00:00:00.009 . Memory (MB): peak = 1417.176 ; gain = 0.000
INFO: [Project 1-570] Preparing netlist for logic optimization

Processing XDC Constraints
Initializing timing engine
Parsing XDC File [C:/Users/adamk/460m_lab4/460m_lab4.srcs/constrs_1/new/lab4_constr.xdc]
Finished Parsing XDC File [C:/Users/adamk/460m_lab4/460m_lab4.srcs/constrs_1/new/lab4_constr.xdc]
INFO: [Project 1-236] Implementation specific constraints were found while reading constraint file [C:/Users/adamk/460m_lab4/460m_lab4.srcs/constrs_1/new/lab4_constr.xdc]. These constraints will be ignored for synthesis but will be used in implementation. Impacted constraints are listed in the file [.Xil/top_propImpl.xdc].
Resolution: To avoid this warning, move constraints listed in [.Xil/top_propImpl.xdc] to another XDC file and exclude this new file from synthesis with the used_in_synthesis property (File Properties dialog in GUI) and re-run elaboration/synthesis.
Completed Processing XDC Constraints

Netlist sorting complete. Time (s): cpu = 00:00:00 ; elapsed = 00:00:00 . Memory (MB): peak = 1478.801 ; gain = 0.000
INFO: [Project 1-111] Unisim Transformation Summary:
No Unisim elements were transformed.

The system cannot find the path specified.
Constraint Validation Runtime : Time (s): cpu = 00:00:00 ; elapsed = 00:00:00.007 . Memory (MB): peak = 1478.801 ; gain = 0.000
INFO: [Designutils 20-5440] No compile time benefit to using incremental synthesis; A full resynthesis will be run
INFO: [Designutils 20-4379] Flow is switching to default flow due to incremental criteria not met. If you would like to alter this behaviour and have the flow terminate instead, please set the following parameter config_implementation {autoIncr.Synth.RejectBehavior Terminate}
---------------------------------------------------------------------------------
Finished Constraint Validation : Time (s): cpu = 00:00:30 ; elapsed = 00:00:32 . Memory (MB): peak = 1478.801 ; gain = 609.898
---------------------------------------------------------------------------------
---------------------------------------------------------------------------------
Start Loading Part and Timing Information
---------------------------------------------------------------------------------
Loading part: xc7a35ticpg236-1L
---------------------------------------------------------------------------------
Finished Loading Part and Timing Information : Time (s): cpu = 00:00:30 ; elapsed = 00:00:32 . Memory (MB): peak = 1478.801 ; gain = 609.898
---------------------------------------------------------------------------------
---------------------------------------------------------------------------------
Start Applying 'set_property' XDC Constraints
---------------------------------------------------------------------------------
---------------------------------------------------------------------------------
Finished applying 'set_property' XDC Constraints : Time (s): cpu = 00:00:30 ; elapsed = 00:00:32 . Memory (MB): peak = 1478.801 ; gain = 609.898
---------------------------------------------------------------------------------
INFO: [Synth 8-802] inferred FSM for state register 'state_reg_reg' in module 'debouncer'
INFO: [Synth 8-802] inferred FSM for state register 'state_reg' in module 'time_mux_state_machine'
---------------------------------------------------------------------------------------------------
                   State |                     New Encoding |                Previous Encoding 
---------------------------------------------------------------------------------------------------
                    zero |                             0000 |                             0000
                   high1 |                             0001 |                             0001
                   high2 |                             0010 |                             0010
                   high3 |                             0011 |                             0011
                   high4 |                             0100 |                             1010
                   high5 |                             0101 |                             1011
                   high6 |                             0110 |                             1100
                   high7 |                             0111 |                             1101
                   high8 |                             1000 |                             1110
                     one |                             1001 |                             0100
              waitState2 |                             1010 |                             1001
                  iSTATE |                             1011 |                             1111
*
---------------------------------------------------------------------------------------------------
INFO: [Synth 8-3354] encoded FSM with state register 'state_reg_reg' using encoding 'sequential' in module 'debouncer'
---------------------------------------------------------------------------------------------------
                   State |                     New Encoding |                Previous Encoding 
---------------------------------------------------------------------------------------------------
                  iSTATE |                               00 |                               00
                 iSTATE0 |                               01 |                               01
                 iSTATE1 |                               10 |                               10
                 iSTATE2 |                               11 |                               11
---------------------------------------------------------------------------------------------------
INFO: [Synth 8-3354] encoded FSM with state register 'state_reg' using encoding 'sequential' in module 'time_mux_state_machine'
---------------------------------------------------------------------------------
Finished RTL Optimization Phase 2 : Time (s): cpu = 00:00:31 ; elapsed = 00:00:33 . Memory (MB): peak = 1478.801 ; gain = 609.898
---------------------------------------------------------------------------------
---------------------------------------------------------------------------------
Start RTL Component Statistics 
---------------------------------------------------------------------------------
Detailed RTL Component Info : 
+---Adders : 
	   2 Input   14 Bit       Adders := 5     
	   2 Input    2 Bit       Adders := 1     
	   2 Input    1 Bit       Adders := 4     
+---Registers : 
	               14 Bit    Registers := 1     
	                2 Bit    Registers := 3     
	                1 Bit    Registers := 5     
+---Muxes : 
	   2 Input   14 Bit        Muxes := 11    
	   4 Input    7 Bit        Muxes := 1     
	  12 Input    4 Bit        Muxes := 4     
	   2 Input    4 Bit        Muxes := 44    
	   4 Input    4 Bit        Muxes := 1     
	   4 Input    2 Bit        Muxes := 1     
	   2 Input    1 Bit        Muxes := 8     
	  12 Input    1 Bit        Muxes := 8     
	   7 Input    1 Bit        Muxes := 1     
---------------------------------------------------------------------------------
Finished RTL Component Statistics 
---------------------------------------------------------------------------------
---------------------------------------------------------------------------------
Start Part Resource Summary
---------------------------------------------------------------------------------
Part Resources:
DSPs: 90 (col length:60)
BRAMs: 100 (col length: RAMB18 60 RAMB36 30)
---------------------------------------------------------------------------------
Finished Part Resource Summary
---------------------------------------------------------------------------------
---------------------------------------------------------------------------------
Start Cross Boundary and Area Optimization
---------------------------------------------------------------------------------
WARNING: [Synth 8-7080] Parallel synthesis criteria is not met
---------------------------------------------------------------------------------
Finished Cross Boundary and Area Optimization : Time (s): cpu = 00:00:49 ; elapsed = 00:00:51 . Memory (MB): peak = 1478.801 ; gain = 609.898
---------------------------------------------------------------------------------
---------------------------------------------------------------------------------
Start Applying XDC Timing Constraints
---------------------------------------------------------------------------------
---------------------------------------------------------------------------------
Finished Applying XDC Timing Constraints : Time (s): cpu = 00:00:59 ; elapsed = 00:01:02 . Memory (MB): peak = 1478.801 ; gain = 609.898
---------------------------------------------------------------------------------
---------------------------------------------------------------------------------
Start Timing Optimization
---------------------------------------------------------------------------------
---------------------------------------------------------------------------------
Finished Timing Optimization : Time (s): cpu = 00:01:09 ; elapsed = 00:01:12 . Memory (MB): peak = 1506.211 ; gain = 637.309
---------------------------------------------------------------------------------
---------------------------------------------------------------------------------
Start Technology Mapping
---------------------------------------------------------------------------------
---------------------------------------------------------------------------------
Finished Technology Mapping : Time (s): cpu = 00:01:10 ; elapsed = 00:01:13 . Memory (MB): peak = 1515.293 ; gain = 646.391
---------------------------------------------------------------------------------
---------------------------------------------------------------------------------
Start IO Insertion
---------------------------------------------------------------------------------
---------------------------------------------------------------------------------
Start Flattening Before IO Insertion
---------------------------------------------------------------------------------
---------------------------------------------------------------------------------
Finished Flattening Before IO Insertion
---------------------------------------------------------------------------------
---------------------------------------------------------------------------------
Start Final Netlist Cleanup
---------------------------------------------------------------------------------
---------------------------------------------------------------------------------
Finished Final Netlist Cleanup
---------------------------------------------------------------------------------
---------------------------------------------------------------------------------
Finished IO Insertion : Time (s): cpu = 00:01:19 ; elapsed = 00:01:22 . Memory (MB): peak = 1515.293 ; gain = 646.391
---------------------------------------------------------------------------------
---------------------------------------------------------------------------------
Start Renaming Generated Instances
---------------------------------------------------------------------------------
---------------------------------------------------------------------------------
Finished Renaming Generated Instances : Time (s): cpu = 00:01:19 ; elapsed = 00:01:22 . Memory (MB): peak = 1515.293 ; gain = 646.391
---------------------------------------------------------------------------------
---------------------------------------------------------------------------------
Start Rebuilding User Hierarchy
---------------------------------------------------------------------------------
---------------------------------------------------------------------------------
Finished Rebuilding User Hierarchy : Time (s): cpu = 00:01:19 ; elapsed = 00:01:22 . Memory (MB): peak = 1515.293 ; gain = 646.391
---------------------------------------------------------------------------------
---------------------------------------------------------------------------------
Start Renaming Generated Ports
---------------------------------------------------------------------------------
---------------------------------------------------------------------------------
Finished Renaming Generated Ports : Time (s): cpu = 00:01:19 ; elapsed = 00:01:22 . Memory (MB): peak = 1515.293 ; gain = 646.391
---------------------------------------------------------------------------------
---------------------------------------------------------------------------------
Start Handling Custom Attributes
---------------------------------------------------------------------------------
---------------------------------------------------------------------------------
Finished Handling Custom Attributes : Time (s): cpu = 00:01:19 ; elapsed = 00:01:22 . Memory (MB): peak = 1515.293 ; gain = 646.391
---------------------------------------------------------------------------------
---------------------------------------------------------------------------------
Start Renaming Generated Nets
---------------------------------------------------------------------------------
---------------------------------------------------------------------------------
Finished Renaming Generated Nets : Time (s): cpu = 00:01:19 ; elapsed = 00:01:22 . Memory (MB): peak = 1515.293 ; gain = 646.391
---------------------------------------------------------------------------------
---------------------------------------------------------------------------------
Start Writing Synthesis Report
---------------------------------------------------------------------------------

Report BlackBoxes: 
+-+--------------+----------+
| |BlackBox name |Instances |
+-+--------------+----------+
+-+--------------+----------+

Report Cell Usage: 
+------+-------+------+
|      |Cell   |Count |
+------+-------+------+
|1     |BUFG   |     1|
|2     |CARRY4 |    50|
|3     |LUT1   |    36|
|4     |LUT2   |    53|
|5     |LUT3   |    51|
|6     |LUT4   |    56|
|7     |LUT5   |    71|
|8     |LUT6   |   140|
|9     |FDRE   |    84|
|10    |IBUF   |     7|
|11    |OBUF   |    11|
+------+-------+------+
---------------------------------------------------------------------------------
Finished Writing Synthesis Report : Time (s): cpu = 00:01:19 ; elapsed = 00:01:22 . Memory (MB): peak = 1515.293 ; gain = 646.391
---------------------------------------------------------------------------------
Synthesis finished with 0 errors, 0 critical warnings and 1 warnings.
Synthesis Optimization Runtime : Time (s): cpu = 00:01:01 ; elapsed = 00:01:19 . Memory (MB): peak = 1515.293 ; gain = 584.766
Synthesis Optimization Complete : Time (s): cpu = 00:01:19 ; elapsed = 00:01:22 . Memory (MB): peak = 1515.293 ; gain = 646.391
INFO: [Project 1-571] Translating synthesized netlist
Netlist sorting complete. Time (s): cpu = 00:00:00 ; elapsed = 00:00:00.009 . Memory (MB): peak = 1527.195 ; gain = 0.000
INFO: [Netlist 29-17] Analyzing 50 Unisim elements for replacement
INFO: [Netlist 29-28] Unisim Transformation completed in 0 CPU seconds
INFO: [Project 1-570] Preparing netlist for logic optimization
INFO: [Opt 31-138] Pushed 0 inverter(s) to 0 load pin(s).
Netlist sorting complete. Time (s): cpu = 00:00:00 ; elapsed = 00:00:00 . Memory (MB): peak = 1532.816 ; gain = 0.000
INFO: [Project 1-111] Unisim Transformation Summary:
No Unisim elements were transformed.

The system cannot find the path specified.
Synth Design complete | Checksum: 1fa355df
INFO: [Common 17-83] Releasing license: Synthesis
39 Infos, 1 Warnings, 0 Critical Warnings and 0 Errors encountered.
synth_design completed successfully
synth_design: Time (s): cpu = 00:01:30 ; elapsed = 00:01:37 . Memory (MB): peak = 1532.816 ; gain = 1056.340
Write ShapeDB Complete: Time (s): cpu = 00:00:00 ; elapsed = 00:00:00.003 . Memory (MB): peak = 1532.816 ; gain = 0.000
INFO: [Common 17-1381] The checkpoint 'C:/Users/adamk/460m_lab4/460m_lab4.runs/synth_1/top.dcp' has been generated.
INFO: [runtcl-4] Executing : report_utilization -file top_utilization_synth.rpt -pb top_utilization_synth.pb
INFO: [Common 17-206] Exiting Vivado at Thu Mar  6 20:51:39 2025...
